\BOOKMARK [0][-]{section*.2}{Neural Networks}{}% 2
\BOOKMARK [1][-]{section*.1}{Abstract}{section*.2}% 1
\BOOKMARK [1][-]{section*.3}{Introduction}{section*.2}% 3
\BOOKMARK [1][-]{section*.4}{Theory and Algorithms}{section*.2}% 4
\BOOKMARK [2][-]{section*.5}{Linear Regression}{section*.4}% 5
\BOOKMARK [3][-]{section*.6}{Ordinary Least Squares}{section*.5}% 6
\BOOKMARK [3][-]{section*.7}{Ridge Regression}{section*.5}% 7
\BOOKMARK [2][-]{section*.8}{Logistic Regression and Gradient Descent}{section*.4}% 8
\BOOKMARK [3][-]{section*.9}{Stochastic Gradient Descent method}{section*.8}% 9
\BOOKMARK [2][-]{section*.10}{Neural Network Dynamics}{section*.4}% 10
\BOOKMARK [3][-]{section*.11}{Feed-Forward}{section*.10}% 11
\BOOKMARK [3][-]{section*.12}{Backwards-Propagation}{section*.10}% 12
\BOOKMARK [3][-]{section*.13}{Learning rate, batches and l2 regularization}{section*.10}% 13
\BOOKMARK [2][-]{section*.14}{Cost- and Activation functions}{section*.4}% 14
\BOOKMARK [3][-]{section*.15}{Mean-Squared Error}{section*.14}% 15
\BOOKMARK [3][-]{section*.16}{Cross-Entropy}{section*.14}% 16
\BOOKMARK [3][-]{section*.17}{Sigmoid function}{section*.14}% 17
\BOOKMARK [3][-]{section*.18}{Tanh function}{section*.14}% 18
\BOOKMARK [3][-]{section*.19}{ReLU6}{section*.14}% 19
\BOOKMARK [3][-]{section*.20}{Weight- and Bias Initialization}{section*.14}% 20
\BOOKMARK [2][-]{section*.21}{Classification}{section*.4}% 21
\BOOKMARK [3][-]{section*.22}{Neural Network Application}{section*.21}% 22
\BOOKMARK [3][-]{section*.23}{Accuracy Assertion of Classification}{section*.21}% 23
\BOOKMARK [2][-]{section*.24}{Regression}{section*.4}% 24
\BOOKMARK [3][-]{section*.25}{Neural Network Application}{section*.24}% 25
\BOOKMARK [3][-]{section*.26}{Accuracy Assertion of Regression}{section*.24}% 26
\BOOKMARK [1][-]{section*.27}{Method}{section*.2}% 27
\BOOKMARK [2][-]{section*.28}{Preprocessing of the Data Set}{section*.27}% 28
\BOOKMARK [3][-]{section*.29}{Outlier Filtration}{section*.28}% 29
\BOOKMARK [3][-]{section*.30}{Column Scaling}{section*.28}% 30
\BOOKMARK [3][-]{section*.31}{One-Hot Encoding classifiers}{section*.28}% 31
\BOOKMARK [3][-]{section*.32}{History of past payment columns}{section*.28}% 32
\BOOKMARK [2][-]{section*.33}{Neural Network Design}{section*.27}% 33
\BOOKMARK [3][-]{section*.34}{Overview of Neural Network Class}{section*.33}% 34
\BOOKMARK [3][-]{section*.35}{Logistic Regression/Stochastic Gradient Descent}{section*.33}% 35
\BOOKMARK [2][-]{section*.36}{Hyperparameter and Learning Rate analysis}{section*.27}% 36
\BOOKMARK [2][-]{section*.37}{Classification}{section*.27}% 37
\BOOKMARK [2][-]{section*.38}{Regression}{section*.27}% 38
\BOOKMARK [1][-]{section*.39}{Results}{section*.2}% 39
\BOOKMARK [2][-]{section*.40}{Classification}{section*.39}% 40
\BOOKMARK [2][-]{section*.41}{Regression}{section*.39}% 41
\BOOKMARK [1][-]{section*.42}{Discussion}{section*.2}% 42
\BOOKMARK [2][-]{section*.43}{Classification}{section*.42}% 43
\BOOKMARK [2][-]{section*.44}{Regression}{section*.42}% 44
\BOOKMARK [1][-]{section*.45}{Conclusion}{section*.2}% 45
\BOOKMARK [1][-]{section*.46}{References}{section*.2}% 46
\BOOKMARK [1][-]{section*.47}{References}{section*.2}% 47
\BOOKMARK [1][-]{section*.48}{Appendix A:OLS Predictor Derivation}{section*.2}% 48
