\BOOKMARK [0][-]{section*.1}{STK-IN4300 Mandatory Assignment 2}{}% 1
\BOOKMARK [1][-]{section*.2}{Introduction}{section*.1}% 2
\BOOKMARK [2][-]{section*.3}{Packages}{section*.2}% 3
\BOOKMARK [2][-]{section*.4}{Datasets}{section*.2}% 4
\BOOKMARK [3][-]{section*.5}{Forced Vital Capacity}{section*.4}% 5
\BOOKMARK [3][-]{section*.6}{Diabetes}{section*.4}% 6
\BOOKMARK [1][-]{section*.7}{Problem 1}{section*.1}% 7
\BOOKMARK [2][-]{section*.8}{Task 1}{section*.7}% 8
\BOOKMARK [2][-]{section*.9}{Task 2}{section*.7}% 9
\BOOKMARK [2][-]{section*.10}{Task 3}{section*.7}% 10
\BOOKMARK [2][-]{section*.11}{Task 4}{section*.7}% 11
\BOOKMARK [2][-]{section*.12}{Task 5}{section*.7}% 12
\BOOKMARK [2][-]{section*.13}{Task 6}{section*.7}% 13
\BOOKMARK [2][-]{section*.14}{Task 7}{section*.7}% 14
\BOOKMARK [1][-]{section*.15}{Problem 2}{section*.1}% 15
\BOOKMARK [2][-]{section*.16}{Task 1}{section*.15}% 16
\BOOKMARK [2][-]{section*.17}{Task 2}{section*.15}% 17
\BOOKMARK [2][-]{section*.18}{Task 3}{section*.15}% 18
\BOOKMARK [2][-]{section*.19}{Task 4}{section*.15}% 19
\BOOKMARK [1][-]{section*.20}{Appendix}{section*.1}% 20
\BOOKMARK [2][-]{section*.21}{Tables}{section*.20}% 21
\BOOKMARK [2][-]{section*.22}{Figures}{section*.20}% 22
\BOOKMARK [2][-]{section*.23}{Source Code}{section*.20}% 23
\BOOKMARK [3][-]{section*.24}{Snippets}{section*.23}% 24
\BOOKMARK [3][-]{section*.25}{Complete Source Code}{section*.23}% 25
\BOOKMARK [2][-]{section*.26}{References}{section*.20}% 26
\BOOKMARK [1][-]{section*.27}{References}{section*.1}% 27
