\BOOKMARK [1][-]{section.1}{Introduction}{}% 1
\BOOKMARK [1][-]{section.2}{Data}{}% 2
\BOOKMARK [2][-]{subsection.2.1}{The Franke Function}{section.2}% 3
\BOOKMARK [2][-]{subsection.2.2}{M\370svatn Austfjell}{section.2}% 4
\BOOKMARK [1][-]{section.3}{Method}{}% 5
\BOOKMARK [2][-]{subsection.3.1}{Generalization of Multidimensional Polynomials}{section.3}% 6
\BOOKMARK [2][-]{subsection.3.2}{Ordinary Least-Squares \(OLS\) Regression}{section.3}% 7
\BOOKMARK [2][-]{subsection.3.3}{Ridge Regression}{section.3}% 8
\BOOKMARK [2][-]{subsection.3.4}{LASSO Regression}{section.3}% 9
\BOOKMARK [2][-]{subsection.3.5}{Mean Squared Error}{section.3}% 10
\BOOKMARK [2][-]{subsection.3.6}{R2 Score}{section.3}% 11
\BOOKMARK [2][-]{subsection.3.7}{Bias-Variance Tradeoff}{section.3}% 12
\BOOKMARK [3][-]{subsubsection.3.7.1}{Derivation}{subsection.3.7}% 13
\BOOKMARK [2][-]{subsection.3.8}{Cross-Validation}{section.3}% 14
\BOOKMARK [1][-]{section.4}{Results}{}% 15
\BOOKMARK [2][-]{subsection.4.1}{Franke-Function}{section.4}% 16
\BOOKMARK [2][-]{subsection.4.2}{Real Data}{section.4}% 17
\BOOKMARK [1][-]{section.5}{Discussion}{}% 18
\BOOKMARK [2][-]{subsection.5.1}{franke}{section.5}% 19
\BOOKMARK [3][-]{subsubsection.5.1.1}{real}{subsection.5.1}% 20
\BOOKMARK [1][-]{section.6}{Appendix}{}% 21
